

Started GET "/" for 127.0.0.1 at 2016-01-05 14:09:55 +0200

OCIError (ORA-12170: TNS:Connect timeout occurred):
  oci8.c:654:in oci8lib_210.bundle
  ruby-oci8 (2.2.1) lib/oci8/oci8.rb:150:in `initialize'
  activerecord-oracle_enhanced-adapter (1.6.5) lib/active_record/connection_adapters/oracle_enhanced/oci_connection.rb:333:in `new'
  activerecord-oracle_enhanced-adapter (1.6.5) lib/active_record/connection_adapters/oracle_enhanced/oci_connection.rb:333:in `new_connection'
  activerecord-oracle_enhanced-adapter (1.6.5) lib/active_record/connection_adapters/oracle_enhanced/oci_connection.rb:393:in `initialize'
  activerecord-oracle_enhanced-adapter (1.6.5) lib/active_record/connection_adapters/oracle_enhanced/oci_connection.rb:26:in `new'
  activerecord-oracle_enhanced-adapter (1.6.5) lib/active_record/connection_adapters/oracle_enhanced/oci_connection.rb:26:in `initialize'
  activerecord-oracle_enhanced-adapter (1.6.5) lib/active_record/connection_adapters/oracle_enhanced/connection.rb:9:in `new'
  activerecord-oracle_enhanced-adapter (1.6.5) lib/active_record/connection_adapters/oracle_enhanced/connection.rb:9:in `create'
  activerecord-oracle_enhanced-adapter (1.6.5) lib/active_record/connection_adapters/oracle_enhanced_adapter.rb:156:in `oracle_enhanced_connection'
  activerecord (4.2.5) lib/active_record/connection_adapters/abstract/connection_pool.rb:438:in `new_connection'
  activerecord (4.2.5) lib/active_record/connection_adapters/abstract/connection_pool.rb:448:in `checkout_new_connection'
  activerecord (4.2.5) lib/active_record/connection_adapters/abstract/connection_pool.rb:422:in `acquire_connection'
  activerecord (4.2.5) lib/active_record/connection_adapters/abstract/connection_pool.rb:349:in `block in checkout'
  /Users/Dragos/.rvm/rubies/ruby-2.1.6/lib/ruby/2.1.0/monitor.rb:211:in `mon_synchronize'
  activerecord (4.2.5) lib/active_record/connection_adapters/abstract/connection_pool.rb:348:in `checkout'
  activerecord (4.2.5) lib/active_record/connection_adapters/abstract/connection_pool.rb:263:in `block in connection'
  /Users/Dragos/.rvm/rubies/ruby-2.1.6/lib/ruby/2.1.0/monitor.rb:211:in `mon_synchronize'
  activerecord (4.2.5) lib/active_record/connection_adapters/abstract/connection_pool.rb:262:in `connection'
  activerecord (4.2.5) lib/active_record/connection_adapters/abstract/connection_pool.rb:571:in `retrieve_connection'
  activerecord (4.2.5) lib/active_record/connection_handling.rb:113:in `retrieve_connection'
  activerecord (4.2.5) lib/active_record/connection_handling.rb:87:in `connection'
  activerecord (4.2.5) lib/active_record/migration.rb:383:in `connection'
  activerecord (4.2.5) lib/active_record/migration.rb:370:in `call'
  actionpack (4.2.5) lib/action_dispatch/middleware/callbacks.rb:29:in `block in call'
  activesupport (4.2.5) lib/active_support/callbacks.rb:88:in `__run_callbacks__'
  activesupport (4.2.5) lib/active_support/callbacks.rb:778:in `_run_call_callbacks'
  activesupport (4.2.5) lib/active_support/callbacks.rb:81:in `run_callbacks'
  actionpack (4.2.5) lib/action_dispatch/middleware/callbacks.rb:27:in `call'
  actionpack (4.2.5) lib/action_dispatch/middleware/reloader.rb:73:in `call'
  actionpack (4.2.5) lib/action_dispatch/middleware/remote_ip.rb:78:in `call'
  actionpack (4.2.5) lib/action_dispatch/middleware/debug_exceptions.rb:17:in `call'
  actionpack (4.2.5) lib/action_dispatch/middleware/show_exceptions.rb:30:in `call'
  railties (4.2.5) lib/rails/rack/logger.rb:38:in `call_app'
  railties (4.2.5) lib/rails/rack/logger.rb:20:in `block in call'
  activesupport (4.2.5) lib/active_support/tagged_logging.rb:68:in `block in tagged'
  activesupport (4.2.5) lib/active_support/tagged_logging.rb:26:in `tagged'
  activesupport (4.2.5) lib/active_support/tagged_logging.rb:68:in `tagged'
  railties (4.2.5) lib/rails/rack/logger.rb:20:in `call'
  actionpack (4.2.5) lib/action_dispatch/middleware/request_id.rb:21:in `call'
  rack (1.6.4) lib/rack/runtime.rb:18:in `call'
  activesupport (4.2.5) lib/active_support/cache/strategy/local_cache_middleware.rb:28:in `call'
  rack (1.6.4) lib/rack/lock.rb:17:in `call'
  actionpack (4.2.5) lib/action_dispatch/middleware/static.rb:116:in `call'
  railties (4.2.5) lib/rails/engine.rb:518:in `call'
  railties (4.2.5) lib/rails/application.rb:165:in `call'
  rack (1.6.4) lib/rack/lock.rb:17:in `call'
  rack (1.6.4) lib/rack/content_length.rb:15:in `call'
  rack (1.6.4) lib/rack/handler/webrick.rb:88:in `service'
  /Users/Dragos/.rvm/rubies/ruby-2.1.6/lib/ruby/2.1.0/webrick/httpserver.rb:138:in `service'
  /Users/Dragos/.rvm/rubies/ruby-2.1.6/lib/ruby/2.1.0/webrick/httpserver.rb:94:in `run'
  /Users/Dragos/.rvm/rubies/ruby-2.1.6/lib/ruby/2.1.0/webrick/server.rb:295:in `block in start_thread'


  Rendered /Users/Dragos/.rvm/gems/ruby-2.1.6/gems/actionpack-4.2.5/lib/action_dispatch/middleware/templates/rescues/_source.erb (87.5ms)
  Rendered /Users/Dragos/.rvm/gems/ruby-2.1.6/gems/actionpack-4.2.5/lib/action_dispatch/middleware/templates/rescues/_trace.html.erb (22.6ms)
  Rendered /Users/Dragos/.rvm/gems/ruby-2.1.6/gems/actionpack-4.2.5/lib/action_dispatch/middleware/templates/rescues/_request_and_response.html.erb (4.0ms)
  Rendered /Users/Dragos/.rvm/gems/ruby-2.1.6/gems/actionpack-4.2.5/lib/action_dispatch/middleware/templates/rescues/diagnostics.html.erb within rescues/layout (140.5ms)


Started GET "/" for 127.0.0.1 at 2016-01-05 14:35:38 +0200

OCIError (ORA-12170: TNS:Connect timeout occurred):
  oci8.c:654:in oci8lib_210.bundle
  ruby-oci8 (2.2.1) lib/oci8/oci8.rb:150:in `initialize'
  activerecord-oracle_enhanced-adapter (1.6.5) lib/active_record/connection_adapters/oracle_enhanced/oci_connection.rb:333:in `new'
  activerecord-oracle_enhanced-adapter (1.6.5) lib/active_record/connection_adapters/oracle_enhanced/oci_connection.rb:333:in `new_connection'
  activerecord-oracle_enhanced-adapter (1.6.5) lib/active_record/connection_adapters/oracle_enhanced/oci_connection.rb:393:in `initialize'
  activerecord-oracle_enhanced-adapter (1.6.5) lib/active_record/connection_adapters/oracle_enhanced/oci_connection.rb:26:in `new'
  activerecord-oracle_enhanced-adapter (1.6.5) lib/active_record/connection_adapters/oracle_enhanced/oci_connection.rb:26:in `initialize'
  activerecord-oracle_enhanced-adapter (1.6.5) lib/active_record/connection_adapters/oracle_enhanced/connection.rb:9:in `new'
  activerecord-oracle_enhanced-adapter (1.6.5) lib/active_record/connection_adapters/oracle_enhanced/connection.rb:9:in `create'
  activerecord-oracle_enhanced-adapter (1.6.5) lib/active_record/connection_adapters/oracle_enhanced_adapter.rb:156:in `oracle_enhanced_connection'
  activerecord (4.2.5) lib/active_record/connection_adapters/abstract/connection_pool.rb:438:in `new_connection'
  activerecord (4.2.5) lib/active_record/connection_adapters/abstract/connection_pool.rb:448:in `checkout_new_connection'
  activerecord (4.2.5) lib/active_record/connection_adapters/abstract/connection_pool.rb:422:in `acquire_connection'
  activerecord (4.2.5) lib/active_record/connection_adapters/abstract/connection_pool.rb:349:in `block in checkout'
  /Users/Dragos/.rvm/rubies/ruby-2.1.6/lib/ruby/2.1.0/monitor.rb:211:in `mon_synchronize'
  activerecord (4.2.5) lib/active_record/connection_adapters/abstract/connection_pool.rb:348:in `checkout'
  activerecord (4.2.5) lib/active_record/connection_adapters/abstract/connection_pool.rb:263:in `block in connection'
  /Users/Dragos/.rvm/rubies/ruby-2.1.6/lib/ruby/2.1.0/monitor.rb:211:in `mon_synchronize'
  activerecord (4.2.5) lib/active_record/connection_adapters/abstract/connection_pool.rb:262:in `connection'
  activerecord (4.2.5) lib/active_record/connection_adapters/abstract/connection_pool.rb:571:in `retrieve_connection'
  activerecord (4.2.5) lib/active_record/connection_handling.rb:113:in `retrieve_connection'
  activerecord (4.2.5) lib/active_record/connection_handling.rb:87:in `connection'
  activerecord (4.2.5) lib/active_record/migration.rb:383:in `connection'
  activerecord (4.2.5) lib/active_record/migration.rb:370:in `call'
  actionpack (4.2.5) lib/action_dispatch/middleware/callbacks.rb:29:in `block in call'
  activesupport (4.2.5) lib/active_support/callbacks.rb:88:in `__run_callbacks__'
  activesupport (4.2.5) lib/active_support/callbacks.rb:778:in `_run_call_callbacks'
  activesupport (4.2.5) lib/active_support/callbacks.rb:81:in `run_callbacks'
  actionpack (4.2.5) lib/action_dispatch/middleware/callbacks.rb:27:in `call'
  actionpack (4.2.5) lib/action_dispatch/middleware/reloader.rb:73:in `call'
  actionpack (4.2.5) lib/action_dispatch/middleware/remote_ip.rb:78:in `call'
  actionpack (4.2.5) lib/action_dispatch/middleware/debug_exceptions.rb:17:in `call'
  actionpack (4.2.5) lib/action_dispatch/middleware/show_exceptions.rb:30:in `call'
  railties (4.2.5) lib/rails/rack/logger.rb:38:in `call_app'
  railties (4.2.5) lib/rails/rack/logger.rb:20:in `block in call'
  activesupport (4.2.5) lib/active_support/tagged_logging.rb:68:in `block in tagged'
  activesupport (4.2.5) lib/active_support/tagged_logging.rb:26:in `tagged'
  activesupport (4.2.5) lib/active_support/tagged_logging.rb:68:in `tagged'
  railties (4.2.5) lib/rails/rack/logger.rb:20:in `call'
  actionpack (4.2.5) lib/action_dispatch/middleware/request_id.rb:21:in `call'
  rack (1.6.4) lib/rack/runtime.rb:18:in `call'
  activesupport (4.2.5) lib/active_support/cache/strategy/local_cache_middleware.rb:28:in `call'
  rack (1.6.4) lib/rack/lock.rb:17:in `call'
  actionpack (4.2.5) lib/action_dispatch/middleware/static.rb:116:in `call'
  railties (4.2.5) lib/rails/engine.rb:518:in `call'
  railties (4.2.5) lib/rails/application.rb:165:in `call'
  rack (1.6.4) lib/rack/lock.rb:17:in `call'
  rack (1.6.4) lib/rack/content_length.rb:15:in `call'
  rack (1.6.4) lib/rack/handler/webrick.rb:88:in `service'
  /Users/Dragos/.rvm/rubies/ruby-2.1.6/lib/ruby/2.1.0/webrick/httpserver.rb:138:in `service'
  /Users/Dragos/.rvm/rubies/ruby-2.1.6/lib/ruby/2.1.0/webrick/httpserver.rb:94:in `run'
  /Users/Dragos/.rvm/rubies/ruby-2.1.6/lib/ruby/2.1.0/webrick/server.rb:295:in `block in start_thread'


  Rendered /Users/Dragos/.rvm/gems/ruby-2.1.6/gems/actionpack-4.2.5/lib/action_dispatch/middleware/templates/rescues/_source.erb (106.5ms)
  Rendered /Users/Dragos/.rvm/gems/ruby-2.1.6/gems/actionpack-4.2.5/lib/action_dispatch/middleware/templates/rescues/_trace.html.erb (24.0ms)
  Rendered /Users/Dragos/.rvm/gems/ruby-2.1.6/gems/actionpack-4.2.5/lib/action_dispatch/middleware/templates/rescues/_request_and_response.html.erb (4.9ms)
  Rendered /Users/Dragos/.rvm/gems/ruby-2.1.6/gems/actionpack-4.2.5/lib/action_dispatch/middleware/templates/rescues/diagnostics.html.erb within rescues/layout (161.0ms)


Started GET "/" for 127.0.0.1 at 2016-01-05 14:45:01 +0200

OCIError (ORA-12170: TNS:Connect timeout occurred):
  oci8.c:654:in oci8lib_210.bundle
  ruby-oci8 (2.2.1) lib/oci8/oci8.rb:150:in `initialize'
  activerecord-oracle_enhanced-adapter (1.6.5) lib/active_record/connection_adapters/oracle_enhanced/oci_connection.rb:333:in `new'
  activerecord-oracle_enhanced-adapter (1.6.5) lib/active_record/connection_adapters/oracle_enhanced/oci_connection.rb:333:in `new_connection'
  activerecord-oracle_enhanced-adapter (1.6.5) lib/active_record/connection_adapters/oracle_enhanced/oci_connection.rb:393:in `initialize'
  activerecord-oracle_enhanced-adapter (1.6.5) lib/active_record/connection_adapters/oracle_enhanced/oci_connection.rb:26:in `new'
  activerecord-oracle_enhanced-adapter (1.6.5) lib/active_record/connection_adapters/oracle_enhanced/oci_connection.rb:26:in `initialize'
  activerecord-oracle_enhanced-adapter (1.6.5) lib/active_record/connection_adapters/oracle_enhanced/connection.rb:9:in `new'
  activerecord-oracle_enhanced-adapter (1.6.5) lib/active_record/connection_adapters/oracle_enhanced/connection.rb:9:in `create'
  activerecord-oracle_enhanced-adapter (1.6.5) lib/active_record/connection_adapters/oracle_enhanced_adapter.rb:156:in `oracle_enhanced_connection'
  activerecord (4.2.5) lib/active_record/connection_adapters/abstract/connection_pool.rb:438:in `new_connection'
  activerecord (4.2.5) lib/active_record/connection_adapters/abstract/connection_pool.rb:448:in `checkout_new_connection'
  activerecord (4.2.5) lib/active_record/connection_adapters/abstract/connection_pool.rb:422:in `acquire_connection'
  activerecord (4.2.5) lib/active_record/connection_adapters/abstract/connection_pool.rb:349:in `block in checkout'
  /Users/Dragos/.rvm/rubies/ruby-2.1.6/lib/ruby/2.1.0/monitor.rb:211:in `mon_synchronize'
  activerecord (4.2.5) lib/active_record/connection_adapters/abstract/connection_pool.rb:348:in `checkout'
  activerecord (4.2.5) lib/active_record/connection_adapters/abstract/connection_pool.rb:263:in `block in connection'
  /Users/Dragos/.rvm/rubies/ruby-2.1.6/lib/ruby/2.1.0/monitor.rb:211:in `mon_synchronize'
  activerecord (4.2.5) lib/active_record/connection_adapters/abstract/connection_pool.rb:262:in `connection'
  activerecord (4.2.5) lib/active_record/connection_adapters/abstract/connection_pool.rb:571:in `retrieve_connection'
  activerecord (4.2.5) lib/active_record/connection_handling.rb:113:in `retrieve_connection'
  activerecord (4.2.5) lib/active_record/connection_handling.rb:87:in `connection'
  activerecord (4.2.5) lib/active_record/migration.rb:383:in `connection'
  activerecord (4.2.5) lib/active_record/migration.rb:370:in `call'
  actionpack (4.2.5) lib/action_dispatch/middleware/callbacks.rb:29:in `block in call'
  activesupport (4.2.5) lib/active_support/callbacks.rb:88:in `__run_callbacks__'
  activesupport (4.2.5) lib/active_support/callbacks.rb:778:in `_run_call_callbacks'
  activesupport (4.2.5) lib/active_support/callbacks.rb:81:in `run_callbacks'
  actionpack (4.2.5) lib/action_dispatch/middleware/callbacks.rb:27:in `call'
  actionpack (4.2.5) lib/action_dispatch/middleware/reloader.rb:73:in `call'
  actionpack (4.2.5) lib/action_dispatch/middleware/remote_ip.rb:78:in `call'
  actionpack (4.2.5) lib/action_dispatch/middleware/debug_exceptions.rb:17:in `call'
  actionpack (4.2.5) lib/action_dispatch/middleware/show_exceptions.rb:30:in `call'
  railties (4.2.5) lib/rails/rack/logger.rb:38:in `call_app'
  railties (4.2.5) lib/rails/rack/logger.rb:20:in `block in call'
  activesupport (4.2.5) lib/active_support/tagged_logging.rb:68:in `block in tagged'
  activesupport (4.2.5) lib/active_support/tagged_logging.rb:26:in `tagged'
  activesupport (4.2.5) lib/active_support/tagged_logging.rb:68:in `tagged'
  railties (4.2.5) lib/rails/rack/logger.rb:20:in `call'
  actionpack (4.2.5) lib/action_dispatch/middleware/request_id.rb:21:in `call'
  rack (1.6.4) lib/rack/runtime.rb:18:in `call'
  activesupport (4.2.5) lib/active_support/cache/strategy/local_cache_middleware.rb:28:in `call'
  rack (1.6.4) lib/rack/lock.rb:17:in `call'
  actionpack (4.2.5) lib/action_dispatch/middleware/static.rb:116:in `call'
  railties (4.2.5) lib/rails/engine.rb:518:in `call'
  railties (4.2.5) lib/rails/application.rb:165:in `call'
  rack (1.6.4) lib/rack/lock.rb:17:in `call'
  rack (1.6.4) lib/rack/content_length.rb:15:in `call'
  rack (1.6.4) lib/rack/handler/webrick.rb:88:in `service'
  /Users/Dragos/.rvm/rubies/ruby-2.1.6/lib/ruby/2.1.0/webrick/httpserver.rb:138:in `service'
  /Users/Dragos/.rvm/rubies/ruby-2.1.6/lib/ruby/2.1.0/webrick/httpserver.rb:94:in `run'
  /Users/Dragos/.rvm/rubies/ruby-2.1.6/lib/ruby/2.1.0/webrick/server.rb:295:in `block in start_thread'


  Rendered /Users/Dragos/.rvm/gems/ruby-2.1.6/gems/actionpack-4.2.5/lib/action_dispatch/middleware/templates/rescues/_source.erb (97.9ms)
  Rendered /Users/Dragos/.rvm/gems/ruby-2.1.6/gems/actionpack-4.2.5/lib/action_dispatch/middleware/templates/rescues/_trace.html.erb (44.7ms)
  Rendered /Users/Dragos/.rvm/gems/ruby-2.1.6/gems/actionpack-4.2.5/lib/action_dispatch/middleware/templates/rescues/_request_and_response.html.erb (4.0ms)
  Rendered /Users/Dragos/.rvm/gems/ruby-2.1.6/gems/actionpack-4.2.5/lib/action_dispatch/middleware/templates/rescues/diagnostics.html.erb within rescues/layout (172.8ms)


Started GET "/" for 127.0.0.1 at 2016-01-05 14:46:01 +0200

OCIError (ORA-12170: TNS:Connect timeout occurred):
  oci8.c:654:in oci8lib_210.bundle
  ruby-oci8 (2.2.1) lib/oci8/oci8.rb:150:in `initialize'
  activerecord-oracle_enhanced-adapter (1.6.5) lib/active_record/connection_adapters/oracle_enhanced/oci_connection.rb:333:in `new'
  activerecord-oracle_enhanced-adapter (1.6.5) lib/active_record/connection_adapters/oracle_enhanced/oci_connection.rb:333:in `new_connection'
  activerecord-oracle_enhanced-adapter (1.6.5) lib/active_record/connection_adapters/oracle_enhanced/oci_connection.rb:393:in `initialize'
  activerecord-oracle_enhanced-adapter (1.6.5) lib/active_record/connection_adapters/oracle_enhanced/oci_connection.rb:26:in `new'
  activerecord-oracle_enhanced-adapter (1.6.5) lib/active_record/connection_adapters/oracle_enhanced/oci_connection.rb:26:in `initialize'
  activerecord-oracle_enhanced-adapter (1.6.5) lib/active_record/connection_adapters/oracle_enhanced/connection.rb:9:in `new'
  activerecord-oracle_enhanced-adapter (1.6.5) lib/active_record/connection_adapters/oracle_enhanced/connection.rb:9:in `create'
  activerecord-oracle_enhanced-adapter (1.6.5) lib/active_record/connection_adapters/oracle_enhanced_adapter.rb:156:in `oracle_enhanced_connection'
  activerecord (4.2.5) lib/active_record/connection_adapters/abstract/connection_pool.rb:438:in `new_connection'
  activerecord (4.2.5) lib/active_record/connection_adapters/abstract/connection_pool.rb:448:in `checkout_new_connection'
  activerecord (4.2.5) lib/active_record/connection_adapters/abstract/connection_pool.rb:422:in `acquire_connection'
  activerecord (4.2.5) lib/active_record/connection_adapters/abstract/connection_pool.rb:349:in `block in checkout'
  /Users/Dragos/.rvm/rubies/ruby-2.1.6/lib/ruby/2.1.0/monitor.rb:211:in `mon_synchronize'
  activerecord (4.2.5) lib/active_record/connection_adapters/abstract/connection_pool.rb:348:in `checkout'
  activerecord (4.2.5) lib/active_record/connection_adapters/abstract/connection_pool.rb:263:in `block in connection'
  /Users/Dragos/.rvm/rubies/ruby-2.1.6/lib/ruby/2.1.0/monitor.rb:211:in `mon_synchronize'
  activerecord (4.2.5) lib/active_record/connection_adapters/abstract/connection_pool.rb:262:in `connection'
  activerecord (4.2.5) lib/active_record/connection_adapters/abstract/connection_pool.rb:571:in `retrieve_connection'
  activerecord (4.2.5) lib/active_record/connection_handling.rb:113:in `retrieve_connection'
  activerecord (4.2.5) lib/active_record/connection_handling.rb:87:in `connection'
  activerecord (4.2.5) lib/active_record/migration.rb:383:in `connection'
  activerecord (4.2.5) lib/active_record/migration.rb:370:in `call'
  actionpack (4.2.5) lib/action_dispatch/middleware/callbacks.rb:29:in `block in call'
  activesupport (4.2.5) lib/active_support/callbacks.rb:88:in `__run_callbacks__'
  activesupport (4.2.5) lib/active_support/callbacks.rb:778:in `_run_call_callbacks'
  activesupport (4.2.5) lib/active_support/callbacks.rb:81:in `run_callbacks'
  actionpack (4.2.5) lib/action_dispatch/middleware/callbacks.rb:27:in `call'
  actionpack (4.2.5) lib/action_dispatch/middleware/reloader.rb:73:in `call'
  actionpack (4.2.5) lib/action_dispatch/middleware/remote_ip.rb:78:in `call'
  actionpack (4.2.5) lib/action_dispatch/middleware/debug_exceptions.rb:17:in `call'
  actionpack (4.2.5) lib/action_dispatch/middleware/show_exceptions.rb:30:in `call'
  railties (4.2.5) lib/rails/rack/logger.rb:38:in `call_app'
  railties (4.2.5) lib/rails/rack/logger.rb:20:in `block in call'
  activesupport (4.2.5) lib/active_support/tagged_logging.rb:68:in `block in tagged'
  activesupport (4.2.5) lib/active_support/tagged_logging.rb:26:in `tagged'
  activesupport (4.2.5) lib/active_support/tagged_logging.rb:68:in `tagged'
  railties (4.2.5) lib/rails/rack/logger.rb:20:in `call'
  actionpack (4.2.5) lib/action_dispatch/middleware/request_id.rb:21:in `call'
  rack (1.6.4) lib/rack/runtime.rb:18:in `call'
  activesupport (4.2.5) lib/active_support/cache/strategy/local_cache_middleware.rb:28:in `call'
  rack (1.6.4) lib/rack/lock.rb:17:in `call'
  actionpack (4.2.5) lib/action_dispatch/middleware/static.rb:116:in `call'
  railties (4.2.5) lib/rails/engine.rb:518:in `call'
  railties (4.2.5) lib/rails/application.rb:165:in `call'
  rack (1.6.4) lib/rack/lock.rb:17:in `call'
  rack (1.6.4) lib/rack/content_length.rb:15:in `call'
  rack (1.6.4) lib/rack/handler/webrick.rb:88:in `service'
  /Users/Dragos/.rvm/rubies/ruby-2.1.6/lib/ruby/2.1.0/webrick/httpserver.rb:138:in `service'
  /Users/Dragos/.rvm/rubies/ruby-2.1.6/lib/ruby/2.1.0/webrick/httpserver.rb:94:in `run'
  /Users/Dragos/.rvm/rubies/ruby-2.1.6/lib/ruby/2.1.0/webrick/server.rb:295:in `block in start_thread'


  Rendered /Users/Dragos/.rvm/gems/ruby-2.1.6/gems/actionpack-4.2.5/lib/action_dispatch/middleware/templates/rescues/_source.erb (86.2ms)
  Rendered /Users/Dragos/.rvm/gems/ruby-2.1.6/gems/actionpack-4.2.5/lib/action_dispatch/middleware/templates/rescues/_trace.html.erb (32.0ms)
  Rendered /Users/Dragos/.rvm/gems/ruby-2.1.6/gems/actionpack-4.2.5/lib/action_dispatch/middleware/templates/rescues/_request_and_response.html.erb (6.0ms)
  Rendered /Users/Dragos/.rvm/gems/ruby-2.1.6/gems/actionpack-4.2.5/lib/action_dispatch/middleware/templates/rescues/diagnostics.html.erb within rescues/layout (153.2ms)


Started GET "/" for 127.0.0.1 at 2016-01-05 14:49:32 +0200

OCIError (ORA-12170: TNS:Connect timeout occurred):
  oci8.c:654:in oci8lib_210.bundle
  ruby-oci8 (2.2.1) lib/oci8/oci8.rb:150:in `initialize'
  activerecord-oracle_enhanced-adapter (1.6.5) lib/active_record/connection_adapters/oracle_enhanced/oci_connection.rb:333:in `new'
  activerecord-oracle_enhanced-adapter (1.6.5) lib/active_record/connection_adapters/oracle_enhanced/oci_connection.rb:333:in `new_connection'
  activerecord-oracle_enhanced-adapter (1.6.5) lib/active_record/connection_adapters/oracle_enhanced/oci_connection.rb:393:in `initialize'
  activerecord-oracle_enhanced-adapter (1.6.5) lib/active_record/connection_adapters/oracle_enhanced/oci_connection.rb:26:in `new'
  activerecord-oracle_enhanced-adapter (1.6.5) lib/active_record/connection_adapters/oracle_enhanced/oci_connection.rb:26:in `initialize'
  activerecord-oracle_enhanced-adapter (1.6.5) lib/active_record/connection_adapters/oracle_enhanced/connection.rb:9:in `new'
  activerecord-oracle_enhanced-adapter (1.6.5) lib/active_record/connection_adapters/oracle_enhanced/connection.rb:9:in `create'
  activerecord-oracle_enhanced-adapter (1.6.5) lib/active_record/connection_adapters/oracle_enhanced_adapter.rb:156:in `oracle_enhanced_connection'
  activerecord (4.2.5) lib/active_record/connection_adapters/abstract/connection_pool.rb:438:in `new_connection'
  activerecord (4.2.5) lib/active_record/connection_adapters/abstract/connection_pool.rb:448:in `checkout_new_connection'
  activerecord (4.2.5) lib/active_record/connection_adapters/abstract/connection_pool.rb:422:in `acquire_connection'
  activerecord (4.2.5) lib/active_record/connection_adapters/abstract/connection_pool.rb:349:in `block in checkout'
  /Users/Dragos/.rvm/rubies/ruby-2.1.6/lib/ruby/2.1.0/monitor.rb:211:in `mon_synchronize'
  activerecord (4.2.5) lib/active_record/connection_adapters/abstract/connection_pool.rb:348:in `checkout'
  activerecord (4.2.5) lib/active_record/connection_adapters/abstract/connection_pool.rb:263:in `block in connection'
  /Users/Dragos/.rvm/rubies/ruby-2.1.6/lib/ruby/2.1.0/monitor.rb:211:in `mon_synchronize'
  activerecord (4.2.5) lib/active_record/connection_adapters/abstract/connection_pool.rb:262:in `connection'
  activerecord (4.2.5) lib/active_record/connection_adapters/abstract/connection_pool.rb:571:in `retrieve_connection'
  activerecord (4.2.5) lib/active_record/connection_handling.rb:113:in `retrieve_connection'
  activerecord (4.2.5) lib/active_record/connection_handling.rb:87:in `connection'
  activerecord (4.2.5) lib/active_record/migration.rb:383:in `connection'
  activerecord (4.2.5) lib/active_record/migration.rb:370:in `call'
  actionpack (4.2.5) lib/action_dispatch/middleware/callbacks.rb:29:in `block in call'
  activesupport (4.2.5) lib/active_support/callbacks.rb:88:in `__run_callbacks__'
  activesupport (4.2.5) lib/active_support/callbacks.rb:778:in `_run_call_callbacks'
  activesupport (4.2.5) lib/active_support/callbacks.rb:81:in `run_callbacks'
  actionpack (4.2.5) lib/action_dispatch/middleware/callbacks.rb:27:in `call'
  actionpack (4.2.5) lib/action_dispatch/middleware/reloader.rb:73:in `call'
  actionpack (4.2.5) lib/action_dispatch/middleware/remote_ip.rb:78:in `call'
  actionpack (4.2.5) lib/action_dispatch/middleware/debug_exceptions.rb:17:in `call'
  actionpack (4.2.5) lib/action_dispatch/middleware/show_exceptions.rb:30:in `call'
  railties (4.2.5) lib/rails/rack/logger.rb:38:in `call_app'
  railties (4.2.5) lib/rails/rack/logger.rb:20:in `block in call'
  activesupport (4.2.5) lib/active_support/tagged_logging.rb:68:in `block in tagged'
  activesupport (4.2.5) lib/active_support/tagged_logging.rb:26:in `tagged'
  activesupport (4.2.5) lib/active_support/tagged_logging.rb:68:in `tagged'
  railties (4.2.5) lib/rails/rack/logger.rb:20:in `call'
  actionpack (4.2.5) lib/action_dispatch/middleware/request_id.rb:21:in `call'
  rack (1.6.4) lib/rack/runtime.rb:18:in `call'
  activesupport (4.2.5) lib/active_support/cache/strategy/local_cache_middleware.rb:28:in `call'
  rack (1.6.4) lib/rack/lock.rb:17:in `call'
  actionpack (4.2.5) lib/action_dispatch/middleware/static.rb:116:in `call'
  railties (4.2.5) lib/rails/engine.rb:518:in `call'
  railties (4.2.5) lib/rails/application.rb:165:in `call'
  rack (1.6.4) lib/rack/lock.rb:17:in `call'
  rack (1.6.4) lib/rack/content_length.rb:15:in `call'
  rack (1.6.4) lib/rack/handler/webrick.rb:88:in `service'
  /Users/Dragos/.rvm/rubies/ruby-2.1.6/lib/ruby/2.1.0/webrick/httpserver.rb:138:in `service'
  /Users/Dragos/.rvm/rubies/ruby-2.1.6/lib/ruby/2.1.0/webrick/httpserver.rb:94:in `run'
  /Users/Dragos/.rvm/rubies/ruby-2.1.6/lib/ruby/2.1.0/webrick/server.rb:295:in `block in start_thread'


  Rendered /Users/Dragos/.rvm/gems/ruby-2.1.6/gems/actionpack-4.2.5/lib/action_dispatch/middleware/templates/rescues/_source.erb (93.2ms)
  Rendered /Users/Dragos/.rvm/gems/ruby-2.1.6/gems/actionpack-4.2.5/lib/action_dispatch/middleware/templates/rescues/_trace.html.erb (24.1ms)
  Rendered /Users/Dragos/.rvm/gems/ruby-2.1.6/gems/actionpack-4.2.5/lib/action_dispatch/middleware/templates/rescues/_request_and_response.html.erb (4.5ms)
  Rendered /Users/Dragos/.rvm/gems/ruby-2.1.6/gems/actionpack-4.2.5/lib/action_dispatch/middleware/templates/rescues/diagnostics.html.erb within rescues/layout (143.8ms)


Started GET "/" for 127.0.0.1 at 2016-01-05 15:30:01 +0200

OCIError (ORA-12170: TNS:Connect timeout occurred):
  oci8.c:654:in oci8lib_210.bundle
  ruby-oci8 (2.2.1) lib/oci8/oci8.rb:150:in `initialize'
  activerecord-oracle_enhanced-adapter (1.6.5) lib/active_record/connection_adapters/oracle_enhanced/oci_connection.rb:333:in `new'
  activerecord-oracle_enhanced-adapter (1.6.5) lib/active_record/connection_adapters/oracle_enhanced/oci_connection.rb:333:in `new_connection'
  activerecord-oracle_enhanced-adapter (1.6.5) lib/active_record/connection_adapters/oracle_enhanced/oci_connection.rb:393:in `initialize'
  activerecord-oracle_enhanced-adapter (1.6.5) lib/active_record/connection_adapters/oracle_enhanced/oci_connection.rb:26:in `new'
  activerecord-oracle_enhanced-adapter (1.6.5) lib/active_record/connection_adapters/oracle_enhanced/oci_connection.rb:26:in `initialize'
  activerecord-oracle_enhanced-adapter (1.6.5) lib/active_record/connection_adapters/oracle_enhanced/connection.rb:9:in `new'
  activerecord-oracle_enhanced-adapter (1.6.5) lib/active_record/connection_adapters/oracle_enhanced/connection.rb:9:in `create'
  activerecord-oracle_enhanced-adapter (1.6.5) lib/active_record/connection_adapters/oracle_enhanced_adapter.rb:156:in `oracle_enhanced_connection'
  activerecord (4.2.5) lib/active_record/connection_adapters/abstract/connection_pool.rb:438:in `new_connection'
  activerecord (4.2.5) lib/active_record/connection_adapters/abstract/connection_pool.rb:448:in `checkout_new_connection'
  activerecord (4.2.5) lib/active_record/connection_adapters/abstract/connection_pool.rb:422:in `acquire_connection'
  activerecord (4.2.5) lib/active_record/connection_adapters/abstract/connection_pool.rb:349:in `block in checkout'
  /Users/Dragos/.rvm/rubies/ruby-2.1.6/lib/ruby/2.1.0/monitor.rb:211:in `mon_synchronize'
  activerecord (4.2.5) lib/active_record/connection_adapters/abstract/connection_pool.rb:348:in `checkout'
  activerecord (4.2.5) lib/active_record/connection_adapters/abstract/connection_pool.rb:263:in `block in connection'
  /Users/Dragos/.rvm/rubies/ruby-2.1.6/lib/ruby/2.1.0/monitor.rb:211:in `mon_synchronize'
  activerecord (4.2.5) lib/active_record/connection_adapters/abstract/connection_pool.rb:262:in `connection'
  activerecord (4.2.5) lib/active_record/connection_adapters/abstract/connection_pool.rb:571:in `retrieve_connection'
  activerecord (4.2.5) lib/active_record/connection_handling.rb:113:in `retrieve_connection'
  activerecord (4.2.5) lib/active_record/connection_handling.rb:87:in `connection'
  activerecord (4.2.5) lib/active_record/migration.rb:383:in `connection'
  activerecord (4.2.5) lib/active_record/migration.rb:370:in `call'
  actionpack (4.2.5) lib/action_dispatch/middleware/callbacks.rb:29:in `block in call'
  activesupport (4.2.5) lib/active_support/callbacks.rb:88:in `__run_callbacks__'
  activesupport (4.2.5) lib/active_support/callbacks.rb:778:in `_run_call_callbacks'
  activesupport (4.2.5) lib/active_support/callbacks.rb:81:in `run_callbacks'
  actionpack (4.2.5) lib/action_dispatch/middleware/callbacks.rb:27:in `call'
  actionpack (4.2.5) lib/action_dispatch/middleware/reloader.rb:73:in `call'
  actionpack (4.2.5) lib/action_dispatch/middleware/remote_ip.rb:78:in `call'
  actionpack (4.2.5) lib/action_dispatch/middleware/debug_exceptions.rb:17:in `call'
  actionpack (4.2.5) lib/action_dispatch/middleware/show_exceptions.rb:30:in `call'
  railties (4.2.5) lib/rails/rack/logger.rb:38:in `call_app'
  railties (4.2.5) lib/rails/rack/logger.rb:20:in `block in call'
  activesupport (4.2.5) lib/active_support/tagged_logging.rb:68:in `block in tagged'
  activesupport (4.2.5) lib/active_support/tagged_logging.rb:26:in `tagged'
  activesupport (4.2.5) lib/active_support/tagged_logging.rb:68:in `tagged'
  railties (4.2.5) lib/rails/rack/logger.rb:20:in `call'
  actionpack (4.2.5) lib/action_dispatch/middleware/request_id.rb:21:in `call'
  rack (1.6.4) lib/rack/runtime.rb:18:in `call'
  activesupport (4.2.5) lib/active_support/cache/strategy/local_cache_middleware.rb:28:in `call'
  rack (1.6.4) lib/rack/lock.rb:17:in `call'
  actionpack (4.2.5) lib/action_dispatch/middleware/static.rb:116:in `call'
  railties (4.2.5) lib/rails/engine.rb:518:in `call'
  railties (4.2.5) lib/rails/application.rb:165:in `call'
  rack (1.6.4) lib/rack/lock.rb:17:in `call'
  rack (1.6.4) lib/rack/content_length.rb:15:in `call'
  rack (1.6.4) lib/rack/handler/webrick.rb:88:in `service'
  /Users/Dragos/.rvm/rubies/ruby-2.1.6/lib/ruby/2.1.0/webrick/httpserver.rb:138:in `service'
  /Users/Dragos/.rvm/rubies/ruby-2.1.6/lib/ruby/2.1.0/webrick/httpserver.rb:94:in `run'
  /Users/Dragos/.rvm/rubies/ruby-2.1.6/lib/ruby/2.1.0/webrick/server.rb:295:in `block in start_thread'


  Rendered /Users/Dragos/.rvm/gems/ruby-2.1.6/gems/actionpack-4.2.5/lib/action_dispatch/middleware/templates/rescues/_source.erb (114.2ms)
  Rendered /Users/Dragos/.rvm/gems/ruby-2.1.6/gems/actionpack-4.2.5/lib/action_dispatch/middleware/templates/rescues/_trace.html.erb (23.2ms)
  Rendered /Users/Dragos/.rvm/gems/ruby-2.1.6/gems/actionpack-4.2.5/lib/action_dispatch/middleware/templates/rescues/_request_and_response.html.erb (6.3ms)
  Rendered /Users/Dragos/.rvm/gems/ruby-2.1.6/gems/actionpack-4.2.5/lib/action_dispatch/middleware/templates/rescues/diagnostics.html.erb within rescues/layout (169.5ms)


Started GET "/" for 127.0.0.1 at 2016-01-05 16:27:51 +0200

OCIError (ORA-12170: TNS:Connect timeout occurred):
  oci8.c:654:in oci8lib_210.bundle
  ruby-oci8 (2.2.1) lib/oci8/oci8.rb:150:in `initialize'
  activerecord-oracle_enhanced-adapter (1.6.5) lib/active_record/connection_adapters/oracle_enhanced/oci_connection.rb:333:in `new'
  activerecord-oracle_enhanced-adapter (1.6.5) lib/active_record/connection_adapters/oracle_enhanced/oci_connection.rb:333:in `new_connection'
  activerecord-oracle_enhanced-adapter (1.6.5) lib/active_record/connection_adapters/oracle_enhanced/oci_connection.rb:393:in `initialize'
  activerecord-oracle_enhanced-adapter (1.6.5) lib/active_record/connection_adapters/oracle_enhanced/oci_connection.rb:26:in `new'
  activerecord-oracle_enhanced-adapter (1.6.5) lib/active_record/connection_adapters/oracle_enhanced/oci_connection.rb:26:in `initialize'
  activerecord-oracle_enhanced-adapter (1.6.5) lib/active_record/connection_adapters/oracle_enhanced/connection.rb:9:in `new'
  activerecord-oracle_enhanced-adapter (1.6.5) lib/active_record/connection_adapters/oracle_enhanced/connection.rb:9:in `create'
  activerecord-oracle_enhanced-adapter (1.6.5) lib/active_record/connection_adapters/oracle_enhanced_adapter.rb:156:in `oracle_enhanced_connection'
  activerecord (4.2.5) lib/active_record/connection_adapters/abstract/connection_pool.rb:438:in `new_connection'
  activerecord (4.2.5) lib/active_record/connection_adapters/abstract/connection_pool.rb:448:in `checkout_new_connection'
  activerecord (4.2.5) lib/active_record/connection_adapters/abstract/connection_pool.rb:422:in `acquire_connection'
  activerecord (4.2.5) lib/active_record/connection_adapters/abstract/connection_pool.rb:349:in `block in checkout'
  /Users/Dragos/.rvm/rubies/ruby-2.1.6/lib/ruby/2.1.0/monitor.rb:211:in `mon_synchronize'
  activerecord (4.2.5) lib/active_record/connection_adapters/abstract/connection_pool.rb:348:in `checkout'
  activerecord (4.2.5) lib/active_record/connection_adapters/abstract/connection_pool.rb:263:in `block in connection'
  /Users/Dragos/.rvm/rubies/ruby-2.1.6/lib/ruby/2.1.0/monitor.rb:211:in `mon_synchronize'
  activerecord (4.2.5) lib/active_record/connection_adapters/abstract/connection_pool.rb:262:in `connection'
  activerecord (4.2.5) lib/active_record/connection_adapters/abstract/connection_pool.rb:571:in `retrieve_connection'
  activerecord (4.2.5) lib/active_record/connection_handling.rb:113:in `retrieve_connection'
  activerecord (4.2.5) lib/active_record/connection_handling.rb:87:in `connection'
  activerecord (4.2.5) lib/active_record/migration.rb:383:in `connection'
  activerecord (4.2.5) lib/active_record/migration.rb:370:in `call'
  actionpack (4.2.5) lib/action_dispatch/middleware/callbacks.rb:29:in `block in call'
  activesupport (4.2.5) lib/active_support/callbacks.rb:88:in `__run_callbacks__'
  activesupport (4.2.5) lib/active_support/callbacks.rb:778:in `_run_call_callbacks'
  activesupport (4.2.5) lib/active_support/callbacks.rb:81:in `run_callbacks'
  actionpack (4.2.5) lib/action_dispatch/middleware/callbacks.rb:27:in `call'
  actionpack (4.2.5) lib/action_dispatch/middleware/reloader.rb:73:in `call'
  actionpack (4.2.5) lib/action_dispatch/middleware/remote_ip.rb:78:in `call'
  actionpack (4.2.5) lib/action_dispatch/middleware/debug_exceptions.rb:17:in `call'
  actionpack (4.2.5) lib/action_dispatch/middleware/show_exceptions.rb:30:in `call'
  railties (4.2.5) lib/rails/rack/logger.rb:38:in `call_app'
  railties (4.2.5) lib/rails/rack/logger.rb:20:in `block in call'
  activesupport (4.2.5) lib/active_support/tagged_logging.rb:68:in `block in tagged'
  activesupport (4.2.5) lib/active_support/tagged_logging.rb:26:in `tagged'
  activesupport (4.2.5) lib/active_support/tagged_logging.rb:68:in `tagged'
  railties (4.2.5) lib/rails/rack/logger.rb:20:in `call'
  actionpack (4.2.5) lib/action_dispatch/middleware/request_id.rb:21:in `call'
  rack (1.6.4) lib/rack/runtime.rb:18:in `call'
  activesupport (4.2.5) lib/active_support/cache/strategy/local_cache_middleware.rb:28:in `call'
  rack (1.6.4) lib/rack/lock.rb:17:in `call'
  actionpack (4.2.5) lib/action_dispatch/middleware/static.rb:116:in `call'
  railties (4.2.5) lib/rails/engine.rb:518:in `call'
  railties (4.2.5) lib/rails/application.rb:165:in `call'
  rack (1.6.4) lib/rack/lock.rb:17:in `call'
  rack (1.6.4) lib/rack/content_length.rb:15:in `call'
  rack (1.6.4) lib/rack/handler/webrick.rb:88:in `service'
  /Users/Dragos/.rvm/rubies/ruby-2.1.6/lib/ruby/2.1.0/webrick/httpserver.rb:138:in `service'
  /Users/Dragos/.rvm/rubies/ruby-2.1.6/lib/ruby/2.1.0/webrick/httpserver.rb:94:in `run'
  /Users/Dragos/.rvm/rubies/ruby-2.1.6/lib/ruby/2.1.0/webrick/server.rb:295:in `block in start_thread'


  Rendered /Users/Dragos/.rvm/gems/ruby-2.1.6/gems/actionpack-4.2.5/lib/action_dispatch/middleware/templates/rescues/_source.erb (99.9ms)
  Rendered /Users/Dragos/.rvm/gems/ruby-2.1.6/gems/actionpack-4.2.5/lib/action_dispatch/middleware/templates/rescues/_trace.html.erb (23.2ms)
  Rendered /Users/Dragos/.rvm/gems/ruby-2.1.6/gems/actionpack-4.2.5/lib/action_dispatch/middleware/templates/rescues/_request_and_response.html.erb (4.3ms)
  Rendered /Users/Dragos/.rvm/gems/ruby-2.1.6/gems/actionpack-4.2.5/lib/action_dispatch/middleware/templates/rescues/diagnostics.html.erb within rescues/layout (150.6ms)


Started GET "/" for 127.0.0.1 at 2016-01-05 16:30:31 +0200
Processing by Rails::WelcomeController#index as HTML
  Rendered /Users/Dragos/.rvm/gems/ruby-2.1.6/gems/railties-4.2.5/lib/rails/templates/rails/welcome/index.html.erb (3.4ms)
Completed 200 OK in 20ms (Views: 18.3ms | ActiveRecord: 0.0ms)


Started GET "/api" for 127.0.0.1 at 2016-01-05 16:31:27 +0200

ActionController::RoutingError (No route matches [GET] "/api"):
  actionpack (4.2.5) lib/action_dispatch/middleware/debug_exceptions.rb:21:in `call'
  actionpack (4.2.5) lib/action_dispatch/middleware/show_exceptions.rb:30:in `call'
  railties (4.2.5) lib/rails/rack/logger.rb:38:in `call_app'
  railties (4.2.5) lib/rails/rack/logger.rb:20:in `block in call'
  activesupport (4.2.5) lib/active_support/tagged_logging.rb:68:in `block in tagged'
  activesupport (4.2.5) lib/active_support/tagged_logging.rb:26:in `tagged'
  activesupport (4.2.5) lib/active_support/tagged_logging.rb:68:in `tagged'
  railties (4.2.5) lib/rails/rack/logger.rb:20:in `call'
  actionpack (4.2.5) lib/action_dispatch/middleware/request_id.rb:21:in `call'
  rack (1.6.4) lib/rack/runtime.rb:18:in `call'
  activesupport (4.2.5) lib/active_support/cache/strategy/local_cache_middleware.rb:28:in `call'
  rack (1.6.4) lib/rack/lock.rb:17:in `call'
  actionpack (4.2.5) lib/action_dispatch/middleware/static.rb:116:in `call'
  railties (4.2.5) lib/rails/engine.rb:518:in `call'
  railties (4.2.5) lib/rails/application.rb:165:in `call'
  rack (1.6.4) lib/rack/lock.rb:17:in `call'
  rack (1.6.4) lib/rack/content_length.rb:15:in `call'
  rack (1.6.4) lib/rack/handler/webrick.rb:88:in `service'
  /Users/Dragos/.rvm/rubies/ruby-2.1.6/lib/ruby/2.1.0/webrick/httpserver.rb:138:in `service'
  /Users/Dragos/.rvm/rubies/ruby-2.1.6/lib/ruby/2.1.0/webrick/httpserver.rb:94:in `run'
  /Users/Dragos/.rvm/rubies/ruby-2.1.6/lib/ruby/2.1.0/webrick/server.rb:295:in `block in start_thread'


  Rendered /Users/Dragos/.rvm/gems/ruby-2.1.6/gems/actionpack-4.2.5/lib/action_dispatch/middleware/templates/rescues/_trace.html.erb (16.2ms)
  Rendered /Users/Dragos/.rvm/gems/ruby-2.1.6/gems/actionpack-4.2.5/lib/action_dispatch/middleware/templates/routes/_table.html.erb (28.1ms)
  Rendered /Users/Dragos/.rvm/gems/ruby-2.1.6/gems/actionpack-4.2.5/lib/action_dispatch/middleware/templates/rescues/_request_and_response.html.erb (5.1ms)
  Rendered /Users/Dragos/.rvm/gems/ruby-2.1.6/gems/actionpack-4.2.5/lib/action_dispatch/middleware/templates/rescues/routing_error.html.erb within rescues/layout (85.7ms)
  [1m[36m (4.5ms)[0m  [1mSELECT column_name AS name, data_type AS sql_type, data_default, nullable, virtual_column, hidden_column, data_type_owner AS sql_type_owner, DECODE(data_type, 'NUMBER', data_precision, 'FLOAT', data_precision, 'VARCHAR2', DECODE(char_used, 'C', char_length, data_length), 'RAW', DECODE(char_used, 'C', char_length, data_length), 'CHAR', DECODE(char_used, 'C', char_length, data_length), NULL) AS limit, DECODE(data_type, 'NUMBER', data_scale, NULL) AS scale FROM all_tab_cols WHERE owner = 'DRAGOS' AND table_name = 'SCHEMA_MIGRATIONS' AND hidden_column = 'NO' ORDER BY column_id[0m
  [1m[35m (2.7ms)[0m  SELECT "SCHEMA_MIGRATIONS"."VERSION" FROM "SCHEMA_MIGRATIONS"
  [1m[36m (4.0ms)[0m  [1mSELECT column_name AS name, data_type AS sql_type, data_default, nullable, virtual_column, hidden_column, data_type_owner AS sql_type_owner, DECODE(data_type, 'NUMBER', data_precision, 'FLOAT', data_precision, 'VARCHAR2', DECODE(char_used, 'C', char_length, data_length), 'RAW', DECODE(char_used, 'C', char_length, data_length), 'CHAR', DECODE(char_used, 'C', char_length, data_length), NULL) AS limit, DECODE(data_type, 'NUMBER', data_scale, NULL) AS scale FROM all_tab_cols WHERE owner = 'DRAGOS' AND table_name = 'SCHEMA_MIGRATIONS' AND hidden_column = 'NO' ORDER BY column_id[0m
  [1m[35m (0.9ms)[0m  SELECT "SCHEMA_MIGRATIONS"."VERSION" FROM "SCHEMA_MIGRATIONS"
  [1m[36m (124.7ms)[0m  [1mSELECT DECODE(table_name, UPPER(table_name), LOWER(table_name), table_name) FROM all_tables WHERE owner = SYS_CONTEXT('userenv', 'current_schema') AND secondary = 'N'[0m
  [1m[35mSequence (1.3ms)[0m  select us.sequence_name from all_sequences us where us.sequence_owner = 'DRAGOS' and us.sequence_name = 'USERS_SEQ'
  [1m[36mPrimary Key (8.7ms)[0m  [1mSELECT cc.column_name FROM all_constraints c, all_cons_columns cc WHERE c.owner = 'DRAGOS' AND c.table_name = 'USERS' AND c.constraint_type = 'P' AND cc.owner = c.owner AND cc.constraint_name = c.constraint_name[0m
  [1m[35m (6.6ms)[0m  SELECT column_name AS name, data_type AS sql_type, data_default, nullable, virtual_column, hidden_column, data_type_owner AS sql_type_owner, DECODE(data_type, 'NUMBER', data_precision, 'FLOAT', data_precision, 'VARCHAR2', DECODE(char_used, 'C', char_length, data_length), 'RAW', DECODE(char_used, 'C', char_length, data_length), 'CHAR', DECODE(char_used, 'C', char_length, data_length), NULL) AS limit, DECODE(data_type, 'NUMBER', data_scale, NULL) AS scale FROM all_tab_cols WHERE owner = 'DRAGOS' AND table_name = 'USERS' AND hidden_column = 'NO' ORDER BY column_id
  [1m[36mUser Load (3.2ms)[0m  [1mSELECT  "USERS".* FROM "USERS" WHERE "USERS"."ID" = :a1 AND ROWNUM <= 1 [0m  [["id", 10001]]
